{"/Users/lmonninger/Desktop/cntric-fauna-toolkit/src/bit/index.ts": {"path":"/Users/lmonninger/Desktop/cntric-fauna-toolkit/src/bit/index.ts","statementMap":{},"fnMap":{},"branchMap":{},"s":{},"f":{},"b":{},"_coverageSchema":"1a1c01bbd47fc00a2c39e90264f33305004495a9","hash":"201fe28eb05c7caf7afc85b3e62715ebaa04a7b0"}
,"/Users/lmonninger/Desktop/cntric-fauna-toolkit/src/bit/shift.ts": {"path":"/Users/lmonninger/Desktop/cntric-fauna-toolkit/src/bit/shift.ts","statementMap":{"0":{"start":{"line":3,"column":27},"end":{"line":3,"column":37}},"1":{"start":{"line":11,"column":30},"end":{"line":18,"column":1}},"2":{"start":{"line":12,"column":4},"end":{"line":17,"column":5}},"3":{"start":{"line":26,"column":32},"end":{"line":28,"column":1}},"4":{"start":{"line":27,"column":4},"end":{"line":27,"column":42}}},"fnMap":{"0":{"name":"(anonymous_0)","decl":{"start":{"line":11,"column":30},"end":{"line":11,"column":31}},"loc":{"start":{"line":11,"column":56},"end":{"line":18,"column":1}},"line":11},"1":{"name":"(anonymous_1)","decl":{"start":{"line":26,"column":32},"end":{"line":26,"column":33}},"loc":{"start":{"line":26,"column":58},"end":{"line":28,"column":1}},"line":26}},"branchMap":{},"s":{"0":3,"1":3,"2":264,"3":3,"4":128},"f":{"0":264,"1":128},"b":{},"_coverageSchema":"1a1c01bbd47fc00a2c39e90264f33305004495a9","hash":"5b5342eb4e2781905ff79b778b5b9d05c5e695b9"}
,"/Users/lmonninger/Desktop/cntric-fauna-toolkit/src/collection/collection.ts": {"path":"/Users/lmonninger/Desktop/cntric-fauna-toolkit/src/collection/collection.ts","statementMap":{"0":{"start":{"line":8,"column":29},"end":{"line":17,"column":1}},"1":{"start":{"line":9,"column":4},"end":{"line":16,"column":19}}},"fnMap":{"0":{"name":"(anonymous_0)","decl":{"start":{"line":8,"column":29},"end":{"line":8,"column":30}},"loc":{"start":{"line":8,"column":67},"end":{"line":17,"column":1}},"line":8}},"branchMap":{},"s":{"0":1,"1":1},"f":{"0":1},"b":{},"_coverageSchema":"1a1c01bbd47fc00a2c39e90264f33305004495a9","hash":"efb250e394599f924288d5f8e24a4b33a11b59ed"}
,"/Users/lmonninger/Desktop/cntric-fauna-toolkit/src/meta/index.ts": {"path":"/Users/lmonninger/Desktop/cntric-fauna-toolkit/src/meta/index.ts","statementMap":{},"fnMap":{},"branchMap":{},"s":{},"f":{},"b":{},"_coverageSchema":"1a1c01bbd47fc00a2c39e90264f33305004495a9","hash":"e3c746cdf4d19dbf872867bcacefed2422c2dffc"}
,"/Users/lmonninger/Desktop/cntric-fauna-toolkit/src/meta/naming.ts": {"path":"/Users/lmonninger/Desktop/cntric-fauna-toolkit/src/meta/naming.ts","statementMap":{"0":{"start":{"line":3,"column":23},"end":{"line":3,"column":56}},"1":{"start":{"line":3,"column":42},"end":{"line":3,"column":56}}},"fnMap":{"0":{"name":"(anonymous_0)","decl":{"start":{"line":3,"column":23},"end":{"line":3,"column":24}},"loc":{"start":{"line":3,"column":42},"end":{"line":3,"column":56}},"line":3}},"branchMap":{},"s":{"0":2,"1":2},"f":{"0":2},"b":{},"_coverageSchema":"1a1c01bbd47fc00a2c39e90264f33305004495a9","hash":"b0f81074f3772b2375ae01487c861a77696aa596"}
,"/Users/lmonninger/Desktop/cntric-fauna-toolkit/src/random/isaac.ts": {"path":"/Users/lmonninger/Desktop/cntric-fauna-toolkit/src/random/isaac.ts","statementMap":{"0":{"start":{"line":6,"column":14},"end":{"line":6,"column":15}},"1":{"start":{"line":7,"column":13},"end":{"line":7,"column":23}},"2":{"start":{"line":8,"column":17},"end":{"line":8,"column":26}},"3":{"start":{"line":9,"column":13},"end":{"line":9,"column":22}},"4":{"start":{"line":11,"column":20},"end":{"line":11,"column":45}},"5":{"start":{"line":12,"column":33},"end":{"line":12,"column":37}},"6":{"start":{"line":15,"column":10},"end":{"line":15,"column":63}},"7":{"start":{"line":15,"column":37},"end":{"line":15,"column":63}},"8":{"start":{"line":16,"column":10},"end":{"line":16,"column":63}},"9":{"start":{"line":16,"column":37},"end":{"line":16,"column":63}},"10":{"start":{"line":17,"column":10},"end":{"line":17,"column":63}},"11":{"start":{"line":17,"column":37},"end":{"line":17,"column":63}},"12":{"start":{"line":18,"column":10},"end":{"line":18,"column":63}},"13":{"start":{"line":18,"column":37},"end":{"line":18,"column":63}},"14":{"start":{"line":19,"column":10},"end":{"line":19,"column":63}},"15":{"start":{"line":19,"column":37},"end":{"line":19,"column":63}},"16":{"start":{"line":20,"column":10},"end":{"line":20,"column":63}},"17":{"start":{"line":20,"column":37},"end":{"line":20,"column":63}},"18":{"start":{"line":21,"column":10},"end":{"line":21,"column":63}},"19":{"start":{"line":21,"column":37},"end":{"line":21,"column":63}},"20":{"start":{"line":22,"column":10},"end":{"line":22,"column":63}},"21":{"start":{"line":22,"column":37},"end":{"line":22,"column":63}},"22":{"start":{"line":29,"column":26},"end":{"line":58,"column":1}},"23":{"start":{"line":30,"column":4},"end":{"line":57,"column":17}},"24":{"start":{"line":66,"column":26},"end":{"line":95,"column":1}},"25":{"start":{"line":67,"column":4},"end":{"line":94,"column":17}},"26":{"start":{"line":102,"column":27},"end":{"line":131,"column":1}},"27":{"start":{"line":103,"column":4},"end":{"line":130,"column":17}},"28":{"start":{"line":138,"column":26},"end":{"line":167,"column":1}},"29":{"start":{"line":139,"column":4},"end":{"line":166,"column":17}},"30":{"start":{"line":174,"column":26},"end":{"line":203,"column":1}},"31":{"start":{"line":175,"column":4},"end":{"line":202,"column":17}},"32":{"start":{"line":209,"column":26},"end":{"line":238,"column":1}},"33":{"start":{"line":210,"column":4},"end":{"line":237,"column":17}},"34":{"start":{"line":244,"column":26},"end":{"line":273,"column":1}},"35":{"start":{"line":245,"column":4},"end":{"line":272,"column":17}},"36":{"start":{"line":280,"column":27},"end":{"line":309,"column":1}},"37":{"start":{"line":281,"column":4},"end":{"line":308,"column":17}},"38":{"start":{"line":316,"column":24},"end":{"line":331,"column":1}},"39":{"start":{"line":317,"column":4},"end":{"line":329,"column":17}},"40":{"start":{"line":338,"column":26},"end":{"line":347,"column":1}},"41":{"start":{"line":339,"column":4},"end":{"line":346,"column":18}},"42":{"start":{"line":349,"column":37},"end":{"line":349,"column":55}},"43":{"start":{"line":355,"column":31},"end":{"line":379,"column":1}},"44":{"start":{"line":356,"column":4},"end":{"line":378,"column":5}},"45":{"start":{"line":381,"column":26},"end":{"line":383,"column":1}},"46":{"start":{"line":385,"column":29},"end":{"line":390,"column":1}},"47":{"start":{"line":386,"column":4},"end":{"line":389,"column":17}},"48":{"start":{"line":392,"column":21},"end":{"line":399,"column":1}},"49":{"start":{"line":393,"column":4},"end":{"line":398,"column":5}}},"fnMap":{"0":{"name":"(anonymous_0)","decl":{"start":{"line":15,"column":10},"end":{"line":15,"column":11}},"loc":{"start":{"line":15,"column":37},"end":{"line":15,"column":63}},"line":15},"1":{"name":"(anonymous_1)","decl":{"start":{"line":16,"column":10},"end":{"line":16,"column":11}},"loc":{"start":{"line":16,"column":37},"end":{"line":16,"column":63}},"line":16},"2":{"name":"(anonymous_2)","decl":{"start":{"line":17,"column":10},"end":{"line":17,"column":11}},"loc":{"start":{"line":17,"column":37},"end":{"line":17,"column":63}},"line":17},"3":{"name":"(anonymous_3)","decl":{"start":{"line":18,"column":10},"end":{"line":18,"column":11}},"loc":{"start":{"line":18,"column":37},"end":{"line":18,"column":63}},"line":18},"4":{"name":"(anonymous_4)","decl":{"start":{"line":19,"column":10},"end":{"line":19,"column":11}},"loc":{"start":{"line":19,"column":37},"end":{"line":19,"column":63}},"line":19},"5":{"name":"(anonymous_5)","decl":{"start":{"line":20,"column":10},"end":{"line":20,"column":11}},"loc":{"start":{"line":20,"column":37},"end":{"line":20,"column":63}},"line":20},"6":{"name":"(anonymous_6)","decl":{"start":{"line":21,"column":10},"end":{"line":21,"column":11}},"loc":{"start":{"line":21,"column":37},"end":{"line":21,"column":63}},"line":21},"7":{"name":"(anonymous_7)","decl":{"start":{"line":22,"column":10},"end":{"line":22,"column":11}},"loc":{"start":{"line":22,"column":37},"end":{"line":22,"column":63}},"line":22},"8":{"name":"(anonymous_8)","decl":{"start":{"line":29,"column":26},"end":{"line":29,"column":27}},"loc":{"start":{"line":29,"column":55},"end":{"line":58,"column":1}},"line":29},"9":{"name":"(anonymous_9)","decl":{"start":{"line":66,"column":26},"end":{"line":66,"column":27}},"loc":{"start":{"line":66,"column":55},"end":{"line":95,"column":1}},"line":66},"10":{"name":"(anonymous_10)","decl":{"start":{"line":102,"column":27},"end":{"line":102,"column":28}},"loc":{"start":{"line":102,"column":56},"end":{"line":131,"column":1}},"line":102},"11":{"name":"(anonymous_11)","decl":{"start":{"line":138,"column":26},"end":{"line":138,"column":27}},"loc":{"start":{"line":138,"column":55},"end":{"line":167,"column":1}},"line":138},"12":{"name":"(anonymous_12)","decl":{"start":{"line":174,"column":26},"end":{"line":174,"column":27}},"loc":{"start":{"line":174,"column":55},"end":{"line":203,"column":1}},"line":174},"13":{"name":"(anonymous_13)","decl":{"start":{"line":209,"column":26},"end":{"line":209,"column":27}},"loc":{"start":{"line":209,"column":55},"end":{"line":238,"column":1}},"line":209},"14":{"name":"(anonymous_14)","decl":{"start":{"line":244,"column":26},"end":{"line":244,"column":27}},"loc":{"start":{"line":244,"column":55},"end":{"line":273,"column":1}},"line":244},"15":{"name":"(anonymous_15)","decl":{"start":{"line":280,"column":27},"end":{"line":280,"column":28}},"loc":{"start":{"line":280,"column":56},"end":{"line":309,"column":1}},"line":280},"16":{"name":"(anonymous_16)","decl":{"start":{"line":316,"column":24},"end":{"line":316,"column":25}},"loc":{"start":{"line":316,"column":53},"end":{"line":331,"column":1}},"line":316},"17":{"name":"(anonymous_17)","decl":{"start":{"line":338,"column":26},"end":{"line":338,"column":27}},"loc":{"start":{"line":338,"column":55},"end":{"line":347,"column":1}},"line":338},"18":{"name":"(anonymous_18)","decl":{"start":{"line":355,"column":31},"end":{"line":355,"column":32}},"loc":{"start":{"line":355,"column":35},"end":{"line":379,"column":1}},"line":355},"19":{"name":"(anonymous_19)","decl":{"start":{"line":381,"column":26},"end":{"line":381,"column":27}},"loc":{"start":{"line":381,"column":30},"end":{"line":383,"column":1}},"line":381},"20":{"name":"(anonymous_20)","decl":{"start":{"line":385,"column":29},"end":{"line":385,"column":30}},"loc":{"start":{"line":385,"column":58},"end":{"line":390,"column":1}},"line":385},"21":{"name":"(anonymous_21)","decl":{"start":{"line":392,"column":21},"end":{"line":392,"column":22}},"loc":{"start":{"line":392,"column":25},"end":{"line":399,"column":1}},"line":392}},"branchMap":{"0":{"loc":{"start":{"line":338,"column":27},"end":{"line":338,"column":41}},"type":"default-arg","locations":[{"start":{"line":338,"column":40},"end":{"line":338,"column":41}}],"line":338},"1":{"loc":{"start":{"line":385,"column":30},"end":{"line":385,"column":44}},"type":"default-arg","locations":[{"start":{"line":385,"column":43},"end":{"line":385,"column":44}}],"line":385}},"s":{"0":2,"1":2,"2":2,"3":2,"4":2,"5":2,"6":2,"7":0,"8":2,"9":0,"10":2,"11":0,"12":2,"13":0,"14":2,"15":0,"16":2,"17":0,"18":2,"19":0,"20":2,"21":0,"22":2,"23":4,"24":2,"25":4,"26":2,"27":4,"28":2,"29":4,"30":2,"31":4,"32":2,"33":4,"34":2,"35":4,"36":2,"37":4,"38":2,"39":4,"40":2,"41":4,"42":2,"43":2,"44":2,"45":2,"46":2,"47":0,"48":2,"49":0},"f":{"0":0,"1":0,"2":0,"3":0,"4":0,"5":0,"6":0,"7":0,"8":4,"9":4,"10":4,"11":4,"12":4,"13":4,"14":4,"15":4,"16":4,"17":4,"18":2,"19":0,"20":0,"21":0},"b":{"0":[0],"1":[0]},"_coverageSchema":"1a1c01bbd47fc00a2c39e90264f33305004495a9","hash":"54aeb7a92f837f426db55d210780301a0697c84b"}
,"/Users/lmonninger/Desktop/cntric-fauna-toolkit/src/random/seed.ts": {"path":"/Users/lmonninger/Desktop/cntric-fauna-toolkit/src/random/seed.ts","statementMap":{"0":{"start":{"line":4,"column":21},"end":{"line":24,"column":1}},"1":{"start":{"line":5,"column":4},"end":{"line":23,"column":5}}},"fnMap":{"0":{"name":"(anonymous_0)","decl":{"start":{"line":4,"column":21},"end":{"line":4,"column":22}},"loc":{"start":{"line":4,"column":25},"end":{"line":24,"column":1}},"line":4}},"branchMap":{},"s":{"0":1,"1":100},"f":{"0":100},"b":{},"_coverageSchema":"1a1c01bbd47fc00a2c39e90264f33305004495a9","hash":"e80041fbd77e1b6dc97b2ae68d298ee83feb09e6"}
}
