{"/Users/lmonninger/Desktop/cntric-fauna-toolkit/src/bit/shift.ts": {"path":"/Users/lmonninger/Desktop/cntric-fauna-toolkit/src/bit/shift.ts","statementMap":{"0":{"start":{"line":3,"column":27},"end":{"line":3,"column":31}},"1":{"start":{"line":4,"column":32},"end":{"line":4,"column":36}},"2":{"start":{"line":5,"column":33},"end":{"line":5,"column":39}},"3":{"start":{"line":6,"column":32},"end":{"line":6,"column":40}},"4":{"start":{"line":7,"column":33},"end":{"line":7,"column":43}},"5":{"start":{"line":16,"column":30},"end":{"line":49,"column":1}},"6":{"start":{"line":17,"column":4},"end":{"line":48,"column":5}},"7":{"start":{"line":57,"column":32},"end":{"line":59,"column":1}},"8":{"start":{"line":58,"column":4},"end":{"line":58,"column":33}}},"fnMap":{"0":{"name":"(anonymous_0)","decl":{"start":{"line":16,"column":30},"end":{"line":16,"column":31}},"loc":{"start":{"line":16,"column":56},"end":{"line":49,"column":1}},"line":16},"1":{"name":"(anonymous_1)","decl":{"start":{"line":57,"column":32},"end":{"line":57,"column":33}},"loc":{"start":{"line":57,"column":58},"end":{"line":59,"column":1}},"line":57}},"branchMap":{},"s":{"0":1,"1":1,"2":1,"3":1,"4":1,"5":1,"6":200,"7":1,"8":100},"f":{"0":200,"1":100},"b":{},"_coverageSchema":"1a1c01bbd47fc00a2c39e90264f33305004495a9","hash":"d4c044e088bcc82e11adb9c523daeca344419c1a"}
}
