TN:
SF:src/bit/index.ts
FNF:0
FNH:0
LF:0
LH:0
BRF:0
BRH:0
end_of_record
TN:
SF:src/bit/shift.ts
FN:11,(anonymous_0)
FN:26,(anonymous_1)
FNF:2
FNH:2
FNDA:264,(anonymous_0)
FNDA:128,(anonymous_1)
DA:3,3
DA:11,3
DA:12,264
DA:26,3
DA:27,128
LF:5
LH:5
BRF:0
BRH:0
end_of_record
TN:
SF:src/collection/collection.ts
FN:8,(anonymous_0)
FNF:1
FNH:1
FNDA:1,(anonymous_0)
DA:8,1
DA:9,1
LF:2
LH:2
BRF:0
BRH:0
end_of_record
TN:
SF:src/meta/index.ts
FNF:0
FNH:0
LF:0
LH:0
BRF:0
BRH:0
end_of_record
TN:
SF:src/meta/naming.ts
FN:3,(anonymous_0)
FNF:1
FNH:1
FNDA:2,(anonymous_0)
DA:3,2
LF:1
LH:1
BRF:0
BRH:0
end_of_record
TN:
SF:src/random/isaac.ts
FN:15,(anonymous_0)
FN:16,(anonymous_1)
FN:17,(anonymous_2)
FN:18,(anonymous_3)
FN:19,(anonymous_4)
FN:20,(anonymous_5)
FN:21,(anonymous_6)
FN:22,(anonymous_7)
FN:29,(anonymous_8)
FN:66,(anonymous_9)
FN:102,(anonymous_10)
FN:138,(anonymous_11)
FN:174,(anonymous_12)
FN:209,(anonymous_13)
FN:244,(anonymous_14)
FN:280,(anonymous_15)
FN:316,(anonymous_16)
FN:338,(anonymous_17)
FN:355,(anonymous_18)
FN:381,(anonymous_19)
FN:385,(anonymous_20)
FN:392,(anonymous_21)
FNF:22
FNH:11
FNDA:0,(anonymous_0)
FNDA:0,(anonymous_1)
FNDA:0,(anonymous_2)
FNDA:0,(anonymous_3)
FNDA:0,(anonymous_4)
FNDA:0,(anonymous_5)
FNDA:0,(anonymous_6)
FNDA:0,(anonymous_7)
FNDA:4,(anonymous_8)
FNDA:4,(anonymous_9)
FNDA:4,(anonymous_10)
FNDA:4,(anonymous_11)
FNDA:4,(anonymous_12)
FNDA:4,(anonymous_13)
FNDA:4,(anonymous_14)
FNDA:4,(anonymous_15)
FNDA:4,(anonymous_16)
FNDA:4,(anonymous_17)
FNDA:2,(anonymous_18)
FNDA:0,(anonymous_19)
FNDA:0,(anonymous_20)
FNDA:0,(anonymous_21)
DA:6,2
DA:7,2
DA:8,2
DA:9,2
DA:11,2
DA:12,2
DA:15,2
DA:16,2
DA:17,2
DA:18,2
DA:19,2
DA:20,2
DA:21,2
DA:22,2
DA:29,2
DA:30,4
DA:66,2
DA:67,4
DA:102,2
DA:103,4
DA:138,2
DA:139,4
DA:174,2
DA:175,4
DA:209,2
DA:210,4
DA:244,2
DA:245,4
DA:280,2
DA:281,4
DA:316,2
DA:317,4
DA:338,2
DA:339,4
DA:349,2
DA:355,2
DA:356,2
DA:381,2
DA:385,2
DA:386,0
DA:392,2
DA:393,0
LF:42
LH:40
BRDA:338,0,0,0
BRDA:385,1,0,0
BRF:2
BRH:0
end_of_record
TN:
SF:src/random/seed.ts
FN:4,(anonymous_0)
FNF:1
FNH:1
FNDA:100,(anonymous_0)
DA:4,1
DA:5,100
LF:2
LH:2
BRF:0
BRH:0
end_of_record
